0 info it worked if it ends with ok
1 verbose cli [ 'C:\\Program Files\\nodejs\\node.exe',
1 verbose cli   'C:\\Program Files\\nodejs\\node_modules\\npm\\bin\\npm-cli.js',
1 verbose cli   'run',
1 verbose cli   'package-win' ]
2 info using npm@3.10.10
3 info using node@v6.10.2
4 verbose run-script [ 'prepackage-win', 'package-win', 'postpackage-win' ]
5 info lifecycle groupvoice4@1.0.0~prepackage-win: groupvoice4@1.0.0
6 silly lifecycle groupvoice4@1.0.0~prepackage-win: no script for prepackage-win, continuing
7 info lifecycle groupvoice4@1.0.0~package-win: groupvoice4@1.0.0
8 verbose lifecycle groupvoice4@1.0.0~package-win: unsafe-perm in lifecycle true
9 verbose lifecycle groupvoice4@1.0.0~package-win: PATH: C:\Program Files\nodejs\node_modules\npm\bin\node-gyp-bin;C:\Users\ruurd\Google Drive\Script\HTML\groupvoice4\node_modules\.bin;C:\Program Files (x86)\Common Files\Intel\Shared Libraries\redist\intel64\compiler;C:\ProgramData\Oracle\Java\javapath;C:\Windows\system32;C:\Windows;C:\Windows\System32\Wbem;C:\Windows\System32\WindowsPowerShell\v1.0\;C:\Program Files (x86)\GtkSharp\2.12\bin;C:\Program Files\nodejs\;C:\Program Files\Microsoft SQL Server\130\Tools\Binn\;C:\Program Files\dotnet\;C:\Program Files\Dart\dart-sdk\bin;C:\Program Files (x86)\NVIDIA Corporation\PhysX\Common;C:\Program Files\Git\cmd;C:\WINDOWS\system32;C:\WINDOWS;C:\WINDOWS\System32\Wbem;C:\WINDOWS\System32\WindowsPowerShell\v1.0\;C:\Program Files\Microsoft Network Monitor 3\;C:\Program Files (x86)\Windows Kits\10\Windows Performance Toolkit\;C:\Users\ruurd\.cargo\bin;C:\Users\ruurd\AppData\Local\Programs\Python\Python36\Scripts\;C:\Users\ruurd\AppData\Local\Programs\Python\Python36\;C:\Users\ruurd\AppData\Local\Microsoft\WindowsApps;C:\Users\ruurd\AppData\Roaming\npm;C:\Python27;C:\Python27\Scripts;C:\Program Files (x86)\Nmap;C:\Program Files\Microsoft VS Code\bin
10 verbose lifecycle groupvoice4@1.0.0~package-win: CWD: C:\Users\ruurd\Google Drive\Script\HTML\groupvoice4
11 silly lifecycle groupvoice4@1.0.0~package-win: Args: [ '/d /s /c',
11 silly lifecycle   'electron-packager . groupvoice4 --overwrite --asar=true --platform=win32 --arch=x64 --icon=src/assets/favicon.ico --prune=true --out=release-builds --version-string.ProductName="GroupVoice4"' ]
12 silly lifecycle groupvoice4@1.0.0~package-win: Returned: code: 1  signal: null
13 info lifecycle groupvoice4@1.0.0~package-win: Failed to exec package-win script
14 verbose stack Error: groupvoice4@1.0.0 package-win: `electron-packager . groupvoice4 --overwrite --asar=true --platform=win32 --arch=x64 --icon=src/assets/favicon.ico --prune=true --out=release-builds --version-string.ProductName="GroupVoice4"`
14 verbose stack Exit status 1
14 verbose stack     at EventEmitter.<anonymous> (C:\Program Files\nodejs\node_modules\npm\lib\utils\lifecycle.js:255:16)
14 verbose stack     at emitTwo (events.js:106:13)
14 verbose stack     at EventEmitter.emit (events.js:191:7)
14 verbose stack     at ChildProcess.<anonymous> (C:\Program Files\nodejs\node_modules\npm\lib\utils\spawn.js:40:14)
14 verbose stack     at emitTwo (events.js:106:13)
14 verbose stack     at ChildProcess.emit (events.js:191:7)
14 verbose stack     at maybeClose (internal/child_process.js:886:16)
14 verbose stack     at Process.ChildProcess._handle.onexit (internal/child_process.js:226:5)
15 verbose pkgid groupvoice4@1.0.0
16 verbose cwd C:\Users\ruurd\Google Drive\Script\HTML\groupvoice4
17 error Windows_NT 10.0.16299
18 error argv "C:\\Program Files\\nodejs\\node.exe" "C:\\Program Files\\nodejs\\node_modules\\npm\\bin\\npm-cli.js" "run" "package-win"
19 error node v6.10.2
20 error npm  v3.10.10
21 error code ELIFECYCLE
22 error groupvoice4@1.0.0 package-win: `electron-packager . groupvoice4 --overwrite --asar=true --platform=win32 --arch=x64 --icon=src/assets/favicon.ico --prune=true --out=release-builds --version-string.ProductName="GroupVoice4"`
22 error Exit status 1
23 error Failed at the groupvoice4@1.0.0 package-win script 'electron-packager . groupvoice4 --overwrite --asar=true --platform=win32 --arch=x64 --icon=src/assets/favicon.ico --prune=true --out=release-builds --version-string.ProductName="GroupVoice4"'.
23 error Make sure you have the latest version of node.js and npm installed.
23 error If you do, this is most likely a problem with the groupvoice4 package,
23 error not with npm itself.
23 error Tell the author that this fails on your system:
23 error     electron-packager . groupvoice4 --overwrite --asar=true --platform=win32 --arch=x64 --icon=src/assets/favicon.ico --prune=true --out=release-builds --version-string.ProductName="GroupVoice4"
23 error You can get information on how to open an issue for this project with:
23 error     npm bugs groupvoice4
23 error Or if that isn't available, you can get their info via:
23 error     npm owner ls groupvoice4
23 error There is likely additional logging output above.
24 verbose exit [ 1, true ]
